[0m20:41:42.868936 [debug] [MainThread]: Sending event: {'category': 'dbt', 'action': 'invocation', 'label': 'start', 'context': [<snowplow_tracker.self_describing_json.SelfDescribingJson object at 0x000001D75B9D8830>, <snowplow_tracker.self_describing_json.SelfDescribingJson object at 0x000001D759445BD0>, <snowplow_tracker.self_describing_json.SelfDescribingJson object at 0x000001D75C76BD90>]}


============================== 20:41:42.903813 | f7db7314-1d71-432f-b619-64100e42adc2 ==============================
[0m20:41:42.903813 [info ] [MainThread]: Running with dbt=1.10.9
[0m20:41:42.904822 [debug] [MainThread]: running dbt with arguments {'partial_parse': 'True', 'profiles_dir': 'C:\\Users\\Jeet Patel\\.dbt', 'send_anonymous_usage_stats': 'True', 'version_check': 'True', 'cache_selected_only': 'False', 'target_path': 'None', 'use_colors': 'True', 'invocation_command': 'dbt init epa_ghg_dbt', 'log_format': 'default', 'warn_error': 'None', 'introspect': 'True', 'debug': 'False', 'printer_width': '80', 'fail_fast': 'False', 'no_print': 'None', 'quiet': 'False', 'empty': 'None', 'use_experimental_parser': 'False', 'log_cache_events': 'False', 'indirect_selection': 'eager', 'log_path': 'logs', 'write_json': 'True', 'static_parser': 'True', 'warn_error_options': 'WarnErrorOptionsV2(error=[], warn=[], silence=[])'}
[0m20:41:42.939244 [info ] [MainThread]: Creating dbt configuration folder at C:\Users\Jeet Patel\.dbt
[0m20:41:42.944465 [debug] [MainThread]: Starter project path: C:\Users\Jeet Patel\EPA Greenhouse Gas (GHG) Emissions Dashboard\data\epa_ghg\.venv\Lib\site-packages\dbt\include\starter_project
[0m20:41:42.984555 [info ] [MainThread]: 
Your new dbt project "epa_ghg_dbt" was created!

For more information on how to configure the profiles.yml file,
please consult the dbt documentation here:

  https://docs.getdbt.com/docs/configure-your-profile

One more thing:

Need help? Don't hesitate to reach out to us via GitHub issues or on Slack:

  https://community.getdbt.com/

Happy modeling!

[0m20:41:42.985502 [info ] [MainThread]: Setting up your profile.
[0m20:50:33.563230 [info ] [MainThread]: Profile epa_ghg_dbt written to C:\Users\Jeet Patel\.dbt\profiles.yml using target's profile_template.yml and your supplied values. Run 'dbt debug' to validate the connection.
[0m20:50:33.565299 [debug] [MainThread]: Command `dbt init` succeeded at 20:50:33.565058 after 530.89 seconds
[0m20:50:33.565910 [debug] [MainThread]: Sending event: {'category': 'dbt', 'action': 'invocation', 'label': 'end', 'context': [<snowplow_tracker.self_describing_json.SelfDescribingJson object at 0x000001D75E82A780>, <snowplow_tracker.self_describing_json.SelfDescribingJson object at 0x000001D75DBA72F0>, <snowplow_tracker.self_describing_json.SelfDescribingJson object at 0x000001D75E8258C0>]}
[0m20:50:33.566468 [debug] [MainThread]: Flushing usage events
[0m20:50:34.357780 [debug] [MainThread]: An error was encountered while trying to flush usage events
[0m20:50:44.398584 [debug] [MainThread]: Sending event: {'category': 'dbt', 'action': 'invocation', 'label': 'start', 'context': [<snowplow_tracker.self_describing_json.SelfDescribingJson object at 0x0000017D2F468830>, <snowplow_tracker.self_describing_json.SelfDescribingJson object at 0x0000017D2CED5BD0>, <snowplow_tracker.self_describing_json.SelfDescribingJson object at 0x0000017D301FBD90>]}


============================== 20:50:44.411237 | f62b3dd3-2c50-45a7-a60e-df27b26fea19 ==============================
[0m20:50:44.411237 [info ] [MainThread]: Running with dbt=1.10.9
[0m20:50:44.412348 [debug] [MainThread]: running dbt with arguments {'partial_parse': 'True', 'write_json': 'True', 'send_anonymous_usage_stats': 'True', 'version_check': 'True', 'cache_selected_only': 'False', 'target_path': 'None', 'warn_error': 'None', 'invocation_command': 'dbt debug', 'log_format': 'default', 'use_colors': 'True', 'introspect': 'True', 'debug': 'False', 'printer_width': '80', 'fail_fast': 'False', 'no_print': 'None', 'use_experimental_parser': 'False', 'empty': 'None', 'quiet': 'False', 'log_cache_events': 'False', 'log_path': 'logs', 'indirect_selection': 'eager', 'profiles_dir': 'C:\\Users\\Jeet Patel\\.dbt', 'warn_error_options': 'WarnErrorOptionsV2(error=[], warn=[], silence=[])', 'static_parser': 'True'}
[0m20:50:44.448661 [info ] [MainThread]: dbt version: 1.10.9
[0m20:50:44.449299 [info ] [MainThread]: python version: 3.13.5
[0m20:50:44.449867 [info ] [MainThread]: python path: C:\Users\Jeet Patel\EPA Greenhouse Gas (GHG) Emissions Dashboard\data\epa_ghg\.venv\Scripts\python.exe
[0m20:50:44.450375 [info ] [MainThread]: os info: Windows-11-10.0.26100-SP0
[0m20:50:45.188986 [info ] [MainThread]: Using profiles dir at C:\Users\Jeet Patel\.dbt
[0m20:50:45.189763 [info ] [MainThread]: Using profiles.yml file at C:\Users\Jeet Patel\.dbt\profiles.yml
[0m20:50:45.190309 [info ] [MainThread]: Using dbt_project.yml file at C:\Users\Jeet Patel\EPA Greenhouse Gas (GHG) Emissions Dashboard\data\epa_ghg\dbt_project.yml
[0m20:50:45.191851 [info ] [MainThread]: adapter type: snowflake
[0m20:50:45.192516 [info ] [MainThread]: adapter version: 1.10.0
[0m20:50:45.193177 [info ] [MainThread]: Configuration:
[0m20:50:45.193891 [info ] [MainThread]:   profiles.yml file [[32mOK found and valid[0m]
[0m20:50:45.194429 [info ] [MainThread]:   dbt_project.yml file [[31mERROR not found[0m]
[0m20:50:45.194996 [info ] [MainThread]: Required dependencies:
[0m20:50:45.195511 [debug] [MainThread]: Executing "git --help"
[0m20:50:45.279660 [debug] [MainThread]: STDOUT: "b"usage: git [-v | --version] [-h | --help] [-C <path>] [-c <name>=<value>]\n           [--exec-path[=<path>]] [--html-path] [--man-path] [--info-path]\n           [-p | --paginate | -P | --no-pager] [--no-replace-objects] [--bare]\n           [--git-dir=<path>] [--work-tree=<path>] [--namespace=<name>]\n           [--config-env=<name>=<envvar>] <command> [<args>]\n\nThese are common Git commands used in various situations:\n\nstart a working area (see also: git help tutorial)\n   clone     Clone a repository into a new directory\n   init      Create an empty Git repository or reinitialize an existing one\n\nwork on the current change (see also: git help everyday)\n   add       Add file contents to the index\n   mv        Move or rename a file, a directory, or a symlink\n   restore   Restore working tree files\n   rm        Remove files from the working tree and from the index\n\nexamine the history and state (see also: git help revisions)\n   bisect    Use binary search to find the commit that introduced a bug\n   diff      Show changes between commits, commit and working tree, etc\n   grep      Print lines matching a pattern\n   log       Show commit logs\n   show      Show various types of objects\n   status    Show the working tree status\n\ngrow, mark and tweak your common history\n   branch    List, create, or delete branches\n   commit    Record changes to the repository\n   merge     Join two or more development histories together\n   rebase    Reapply commits on top of another base tip\n   reset     Reset current HEAD to the specified state\n   switch    Switch branches\n   tag       Create, list, delete or verify a tag object signed with GPG\n\ncollaborate (see also: git help workflows)\n   fetch     Download objects and refs from another repository\n   pull      Fetch from and integrate with another repository or a local branch\n   push      Update remote refs along with associated objects\n\n'git help -a' and 'git help -g' list available subcommands and some\nconcept guides. See 'git help <command>' or 'git help <concept>'\nto read about a specific subcommand or concept.\nSee 'git help git' for an overview of the system.\n""
[0m20:50:45.280574 [debug] [MainThread]: STDERR: "b''"
[0m20:50:45.281372 [info ] [MainThread]:  - git [[32mOK found[0m]

[0m20:50:45.282077 [info ] [MainThread]: Connection:
[0m20:50:45.282789 [info ] [MainThread]:   account: sawjref.op55905
[0m20:50:45.283322 [info ] [MainThread]:   user: patejeet
[0m20:50:45.283801 [info ] [MainThread]:   database: EPA_GHG
[0m20:50:45.284375 [info ] [MainThread]:   warehouse: WH_GHG
[0m20:50:45.284866 [info ] [MainThread]:   role: ACCOUNTADMIN
[0m20:50:45.285604 [info ] [MainThread]:   schema: STG
[0m20:50:45.286315 [info ] [MainThread]:   authenticator: None
[0m20:50:45.286967 [info ] [MainThread]:   oauth_client_id: None
[0m20:50:45.287563 [info ] [MainThread]:   query_tag: None
[0m20:50:45.288120 [info ] [MainThread]:   client_session_keep_alive: False
[0m20:50:45.288665 [info ] [MainThread]:   host: None
[0m20:50:45.289211 [info ] [MainThread]:   port: None
[0m20:50:45.289731 [info ] [MainThread]:   proxy_host: None
[0m20:50:45.290216 [info ] [MainThread]:   proxy_port: None
[0m20:50:45.290701 [info ] [MainThread]:   protocol: None
[0m20:50:45.291183 [info ] [MainThread]:   connect_retries: 1
[0m20:50:45.291672 [info ] [MainThread]:   connect_timeout: None
[0m20:50:45.292161 [info ] [MainThread]:   retry_on_database_errors: False
[0m20:50:45.292658 [info ] [MainThread]:   retry_all: False
[0m20:50:45.293155 [info ] [MainThread]:   insecure_mode: False
[0m20:50:45.294287 [info ] [MainThread]:   reuse_connections: True
[0m20:50:45.295141 [info ] [MainThread]:   s3_stage_vpce_dns_name: None
[0m20:50:45.296137 [info ] [MainThread]: Registered adapter: snowflake=1.10.0
[0m20:50:45.788639 [debug] [MainThread]: Acquiring new snowflake connection 'debug'
[0m20:50:49.240331 [debug] [MainThread]: Using snowflake connection "debug"
[0m20:50:49.241403 [debug] [MainThread]: On debug: select 1 as id
[0m20:50:49.242113 [debug] [MainThread]: Opening a new connection, currently in state init
[0m20:50:58.346656 [debug] [MainThread]: Snowflake adapter: Error running SQL: select 1 as id
[0m20:50:58.347188 [debug] [MainThread]: Snowflake adapter: Rolling back transaction.
[0m20:50:58.347598 [info ] [MainThread]:   Connection test: [[31mERROR[0m]

[0m20:50:58.348201 [info ] [MainThread]: [31m2 checks failed:[0m
[0m20:50:58.348640 [info ] [MainThread]: Project loading failed for the following reason:
 project path <C:\Users\Jeet Patel\EPA Greenhouse Gas (GHG) Emissions Dashboard\data\epa_ghg\dbt_project.yml> not found

[0m20:50:58.349077 [info ] [MainThread]: dbt was unable to connect to the specified database.
The database returned the following error:

  >Database Error
  250001: Could not connect to Snowflake backend after 2 attempt(s).Aborting
  Verify that the hostnames and port numbers in SYSTEM$ALLOWLIST are added to your firewall's allowed list.
  To further troubleshoot your connection you may reference the following article: https://docs.snowflake.com/en/user-guide/client-connectivity-troubleshooting/overview.

Check your database credentials and try again. For more information, visit:
https://docs.getdbt.com/docs/configure-your-profile


[0m20:50:58.350017 [debug] [MainThread]: Command `dbt debug` failed at 20:50:58.349882 after 14.15 seconds
[0m20:50:58.350393 [debug] [MainThread]: Connection 'debug' was left open.
[0m20:50:58.350720 [debug] [MainThread]: On debug: No close available on handle
[0m20:50:58.351080 [debug] [MainThread]: Sending event: {'category': 'dbt', 'action': 'invocation', 'label': 'end', 'context': [<snowplow_tracker.self_describing_json.SelfDescribingJson object at 0x0000017D331FD350>, <snowplow_tracker.self_describing_json.SelfDescribingJson object at 0x0000017D332A96D0>, <snowplow_tracker.self_describing_json.SelfDescribingJson object at 0x0000017D32227240>]}
[0m20:50:58.351529 [debug] [MainThread]: Flushing usage events
[0m20:50:59.162187 [debug] [MainThread]: An error was encountered while trying to flush usage events
[0m19:10:12.339434 [debug] [MainThread]: Sending event: {'category': 'dbt', 'action': 'invocation', 'label': 'start', 'context': [<snowplow_tracker.self_describing_json.SelfDescribingJson object at 0x000001BC1CDC8830>, <snowplow_tracker.self_describing_json.SelfDescribingJson object at 0x000001BC1A825BD0>, <snowplow_tracker.self_describing_json.SelfDescribingJson object at 0x000001BC1DB5BD90>]}


============================== 19:10:12.366324 | e5d43ce7-d4f2-4c2c-8c9a-8771ee408d5a ==============================
[0m19:10:12.366324 [info ] [MainThread]: Running with dbt=1.10.9
[0m19:10:12.367298 [debug] [MainThread]: running dbt with arguments {'partial_parse': 'True', 'static_parser': 'True', 'send_anonymous_usage_stats': 'True', 'version_check': 'True', 'cache_selected_only': 'False', 'target_path': 'None', 'warn_error': 'None', 'invocation_command': 'dbt init epa_ghg', 'log_format': 'default', 'use_colors': 'True', 'introspect': 'True', 'debug': 'False', 'printer_width': '80', 'fail_fast': 'False', 'no_print': 'None', 'empty': 'None', 'use_experimental_parser': 'False', 'quiet': 'False', 'log_cache_events': 'False', 'log_path': 'logs', 'indirect_selection': 'eager', 'profiles_dir': 'C:\\Users\\Jeet Patel\\.dbt', 'warn_error_options': 'WarnErrorOptionsV2(error=[], warn=[], silence=[])', 'write_json': 'True'}
[0m19:10:12.412321 [debug] [MainThread]: Starter project path: C:\Users\Jeet Patel\EPA Greenhouse Gas (GHG) Emissions Dashboard\data\epa_ghg\.venv\Lib\site-packages\dbt\include\starter_project
[0m19:10:12.449528 [info ] [MainThread]: 
Your new dbt project "epa_ghg" was created!

For more information on how to configure the profiles.yml file,
please consult the dbt documentation here:

  https://docs.getdbt.com/docs/configure-your-profile

One more thing:

Need help? Don't hesitate to reach out to us via GitHub issues or on Slack:

  https://community.getdbt.com/

Happy modeling!

[0m19:10:12.450530 [info ] [MainThread]: Setting up your profile.
[0m19:11:30.037949 [error] [MainThread]: Encountered an error:

[0m19:11:30.156289 [error] [MainThread]: Traceback (most recent call last):
  File "C:\Users\Jeet Patel\EPA Greenhouse Gas (GHG) Emissions Dashboard\data\epa_ghg\.venv\Lib\site-packages\dbt\cli\requires.py", line 178, in wrapper
    result, success = func(*args, **kwargs)
                      ~~~~^^^^^^^^^^^^^^^^^
  File "C:\Users\Jeet Patel\EPA Greenhouse Gas (GHG) Emissions Dashboard\data\epa_ghg\.venv\Lib\site-packages\dbt\cli\requires.py", line 128, in wrapper
    return func(*args, **kwargs)
  File "C:\Users\Jeet Patel\EPA Greenhouse Gas (GHG) Emissions Dashboard\data\epa_ghg\.venv\Lib\site-packages\dbt\cli\main.py", line 483, in init
    results = task.run()
  File "C:\Users\Jeet Patel\EPA Greenhouse Gas (GHG) Emissions Dashboard\data\epa_ghg\.venv\Lib\site-packages\dbt\task\init.py", line 346, in run
    self.setup_profile(profile_name)
    ~~~~~~~~~~~~~~~~~~^^^^^^^^^^^^^^
  File "C:\Users\Jeet Patel\EPA Greenhouse Gas (GHG) Emissions Dashboard\data\epa_ghg\.venv\Lib\site-packages\dbt\task\init.py", line 262, in setup_profile
    self.create_profile_from_target(adapter, profile_name=profile_name)
    ~~~~~~~~~~~~~~~~~~~~~~~~~~~~~~~^^^^^^^^^^^^^^^^^^^^^^^^^^^^^^^^^^^^
  File "C:\Users\Jeet Patel\EPA Greenhouse Gas (GHG) Emissions Dashboard\data\epa_ghg\.venv\Lib\site-packages\dbt\task\init.py", line 179, in create_profile_from_target
    self.create_profile_from_profile_template(profile_template, profile_name)
    ~~~~~~~~~~~~~~~~~~~~~~~~~~~~~~~~~~~~~~~~~^^^^^^^^^^^^^^^^^^^^^^^^^^^^^^^^
  File "C:\Users\Jeet Patel\EPA Greenhouse Gas (GHG) Emissions Dashboard\data\epa_ghg\.venv\Lib\site-packages\dbt\task\init.py", line 163, in create_profile_from_profile_template
    target = self.generate_target_from_input(prompts, initial_target)
  File "C:\Users\Jeet Patel\EPA Greenhouse Gas (GHG) Emissions Dashboard\data\epa_ghg\.venv\Lib\site-packages\dbt\task\init.py", line 129, in generate_target_from_input
    target[key] = click.prompt(
                  ~~~~~~~~~~~~^
        text, default=default, hide_input=hide_input, type=type
        ^^^^^^^^^^^^^^^^^^^^^^^^^^^^^^^^^^^^^^^^^^^^^^^^^^^^^^^
    )
    ^
  File "C:\Users\Jeet Patel\EPA Greenhouse Gas (GHG) Emissions Dashboard\data\epa_ghg\.venv\Lib\site-packages\click\termui.py", line 168, in prompt
    value = prompt_func(prompt)
  File "C:\Users\Jeet Patel\EPA Greenhouse Gas (GHG) Emissions Dashboard\data\epa_ghg\.venv\Lib\site-packages\click\termui.py", line 151, in prompt_func
    raise Abort() from None
click.exceptions.Abort

[0m19:11:30.159521 [debug] [MainThread]: Command `dbt init` failed at 19:11:30.159097 after 78.01 seconds
[0m19:11:30.160704 [debug] [MainThread]: Sending event: {'category': 'dbt', 'action': 'invocation', 'label': 'end', 'context': [<snowplow_tracker.self_describing_json.SelfDescribingJson object at 0x000001BC1FBCA8B0>, <snowplow_tracker.self_describing_json.SelfDescribingJson object at 0x000001BC1FC115B0>, <snowplow_tracker.self_describing_json.SelfDescribingJson object at 0x000001BC1FBC5BF0>]}
[0m19:11:30.162076 [debug] [MainThread]: Flushing usage events
[0m19:11:31.198796 [debug] [MainThread]: An error was encountered while trying to flush usage events
[0m19:11:54.043762 [debug] [MainThread]: Sending event: {'category': 'dbt', 'action': 'invocation', 'label': 'start', 'context': [<snowplow_tracker.self_describing_json.SelfDescribingJson object at 0x0000022F1AAA8830>, <snowplow_tracker.self_describing_json.SelfDescribingJson object at 0x0000022F18515BD0>, <snowplow_tracker.self_describing_json.SelfDescribingJson object at 0x0000022F1B81FD90>]}


============================== 19:11:54.054358 | c16d0f4c-7a69-40fc-bbf2-47d9fc4613f1 ==============================
[0m19:11:54.054358 [info ] [MainThread]: Running with dbt=1.10.9
[0m19:11:54.055206 [debug] [MainThread]: running dbt with arguments {'partial_parse': 'True', 'warn_error_options': 'WarnErrorOptionsV2(error=[], warn=[], silence=[])', 'send_anonymous_usage_stats': 'True', 'version_check': 'True', 'cache_selected_only': 'False', 'target_path': 'None', 'warn_error': 'None', 'invocation_command': 'dbt run', 'log_format': 'default', 'use_colors': 'True', 'introspect': 'True', 'debug': 'False', 'printer_width': '80', 'fail_fast': 'False', 'no_print': 'None', 'quiet': 'False', 'use_experimental_parser': 'False', 'empty': 'False', 'log_cache_events': 'False', 'indirect_selection': 'eager', 'log_path': 'logs', 'profiles_dir': 'C:\\Users\\Jeet Patel\\.dbt', 'static_parser': 'True', 'write_json': 'True'}
[0m19:11:54.055916 [error] [MainThread]: Encountered an error:
Runtime Error
  No dbt_project.yml found at expected path C:\Users\Jeet Patel\EPA Greenhouse Gas (GHG) Emissions Dashboard\data\epa_ghg\dbt_project.yml
  Verify that each entry within packages.yml (and their transitive dependencies) contains a file named dbt_project.yml
  
[0m19:11:54.056930 [debug] [MainThread]: Command `dbt run` failed at 19:11:54.056788 after 0.19 seconds
[0m19:11:54.057367 [debug] [MainThread]: Sending event: {'category': 'dbt', 'action': 'invocation', 'label': 'end', 'context': [<snowplow_tracker.self_describing_json.SelfDescribingJson object at 0x0000022F1B977950>, <snowplow_tracker.self_describing_json.SelfDescribingJson object at 0x0000022F1B8FEE70>, <snowplow_tracker.self_describing_json.SelfDescribingJson object at 0x0000022F1B955040>]}
[0m19:11:54.057827 [debug] [MainThread]: Flushing usage events
[0m19:11:54.747203 [debug] [MainThread]: An error was encountered while trying to flush usage events
